<?xml version="1.0" encoding="UTF-8"?>
<!-- Generated by org.testng.reporters.JUnitReportReporter -->
<testsuite hostname="Anujalhans01" name="com.nagp.amazon.tests.AmazonLoginPageTest" tests="5" failures="0" timestamp="16 May 2021 08:09:13 GMT" time="101.160" errors="0">
  <testcase name="loginTest" time="18.570" classname="com.nagp.amazon.tests.AmazonLoginPageTest"/>
  <testcase name="failedLoginTest" time="24.346" classname="com.nagp.amazon.tests.AmazonLoginPageTest"/>
  <testcase name="conditionsOfUseTest" time="25.560" classname="com.nagp.amazon.tests.AmazonLoginPageTest"/>
  <testcase name="privacyNoticeTest" time="16.921" classname="com.nagp.amazon.tests.AmazonLoginPageTest"/>
  <testcase name="openLoginScreenTest" time="15.763" classname="com.nagp.amazon.tests.AmazonLoginPageTest"/>
</testsuite> <!-- com.nagp.amazon.tests.AmazonLoginPageTest -->
