<?xml version="1.0" encoding="UTF-8"?>
<!-- Generated by org.testng.reporters.JUnitReportReporter -->
<testsuite hostname="Anujalhans01" failures="0" tests="4" name="com.nagp.amazon.tests.AmazonHomePageTest" time="26.789" errors="0" timestamp="2022-02-23T00:24:34 IST" skipped="0">
  <testcase classname="com.nagp.amazon.tests.AmazonHomePageTest" name="amazonLogoOnHomePageTest" time="4.478"/>
  <system-out/>
  <testcase classname="com.nagp.amazon.tests.AmazonHomePageTest" name="clickAndValidateTodaysDealsPage" time="5.807"/>
  <system-out/>
  <testcase classname="com.nagp.amazon.tests.AmazonHomePageTest" name="enterAndValidateDeliveryAddressPincodeTest" time="9.598"/>
  <system-out/>
  <testcase classname="com.nagp.amazon.tests.AmazonHomePageTest" name="searchProductTest" time="6.906"/>
  <system-out/>
</testsuite> <!-- com.nagp.amazon.tests.AmazonHomePageTest -->
