<?xml version="1.0" encoding="UTF-8"?>
<!-- Generated by org.testng.reporters.JUnitReportReporter -->
<testsuite hostname="Anujalhans01" name="com.nagp.amazon.tests.AmazonProductSearchResultsPageTest" tests="1" failures="0" timestamp="16 May 2021 08:09:13 GMT" time="28.110" errors="0">
  <testcase name="validateSortSearchResultsByPriceLowToHighTest" time="28.110" classname="com.nagp.amazon.tests.AmazonProductSearchResultsPageTest"/>
</testsuite> <!-- com.nagp.amazon.tests.AmazonProductSearchResultsPageTest -->
