<?xml version="1.0" encoding="UTF-8"?>
<!-- Generated by org.testng.reporters.JUnitReportReporter -->
<testsuite hostname="Anujalhans01" name="com.nagp.amazon.tests.AmazonHomePageTest" tests="4" failures="0" timestamp="16 May 2021 08:09:13 GMT" time="70.849" errors="0">
  <testcase name="clickAndValidateTodaysDealsPage" time="21.053" classname="com.nagp.amazon.tests.AmazonHomePageTest"/>
  <testcase name="amazonLogoOnHomePageTest" time="17.411" classname="com.nagp.amazon.tests.AmazonHomePageTest"/>
  <testcase name="enterAndValidateDeliveryAddressPincodeTest" time="18.133" classname="com.nagp.amazon.tests.AmazonHomePageTest"/>
  <testcase name="searchProductTest" time="14.252" classname="com.nagp.amazon.tests.AmazonHomePageTest"/>
</testsuite> <!-- com.nagp.amazon.tests.AmazonHomePageTest -->
