<?xml version="1.0" encoding="UTF-8"?>
<!-- Generated by org.testng.reporters.JUnitReportReporter -->
<testsuite hostname="Anujalhans01" failures="0" tests="1" name="com.nagp.amazon.tests.AmazonProductSearchResultsPageTest" time="12.647" errors="0" timestamp="2022-02-23T00:24:34 IST" skipped="0">
  <testcase classname="com.nagp.amazon.tests.AmazonProductSearchResultsPageTest" name="validateSortSearchResultsByPriceLowToHighTest" time="12.647"/>
  <system-out/>
</testsuite> <!-- com.nagp.amazon.tests.AmazonProductSearchResultsPageTest -->
